<?xml version="1.0" encoding="UTF-8"?>
<!-- Generated by org.testng.reporters.JUnitXMLReporter -->
<testsuite ignored="3" hostname="Hp" failures="1" tests="1" name="Test for @SuccesMessageReusable" time="0.207" errors="0" timestamp="2026-01-09T06:47:16 TRT">
  <testcase classname="Utilities.LoyalFriendCare.lylTest.ucuncu20.US059_TagBased" name="testSuccessMessageReusable" time="0.0">
    <failure type="org.testng.TestNGException" message="
Parameter &amp;apos;tag&amp;apos; is required by @Test on method testSuccessMessageReusable but has not been marked @Optional or defined
">
      <![CDATA[org.testng.TestNGException: 
Parameter 'tag' is required by @Test on method testSuccessMessageReusable but has not been marked @Optional or defined

at java.base/java.util.ArrayList.forEach(ArrayList.java:1597)
at java.base/java.util.concurrent.FutureTask.run(FutureTask.java:317)
at java.base/java.util.concurrent.ThreadPoolExecutor.runWorker(ThreadPoolExecutor.java:1144)
at java.base/java.util.concurrent.ThreadPoolExecutor$Worker.run(ThreadPoolExecutor.java:642)
at java.base/java.lang.Thread.run(Thread.java:1570)
... Removed 16 stack frames]]>
    </failure>
  </testcase> <!-- testSuccessMessageReusable -->
  <testcase classname="Utilities.LoyalFriendCare.lylTest.ucuncu20.US059_TagBased" name="testBrowserWindows" time="0.0">
    <ignored/>
  </testcase> <!-- testBrowserWindows -->
  <testcase classname="Utilities.LoyalFriendCare.lylTest.ucuncu20.US059_TagBased" name="testIframeBasic" time="0.0">
    <ignored/>
  </testcase> <!-- testIframeBasic -->
  <testcase classname="Utilities.LoyalFriendCare.lylTest.ucuncu20.US059_TagBased" name="testSuccessMessage" time="0.0">
    <ignored/>
  </testcase> <!-- testSuccessMessage -->
</testsuite> <!-- Test for @SuccesMessageReusable -->
