<?xml version="1.0" encoding="UTF-8"?>
<testng-results ignored="0" total="4" passed="0" failed="4" skipped="0">
  <reporter-output>
  </reporter-output>
  <suite started-at="2026-01-09T06:47:16 TRT" name="Dynamic Tag Suite" finished-at="2026-01-09T06:47:16 TRT" duration-ms="207">
    <groups>
      <group name="@SuccesMessageReusable">
        <method signature="US059_TagBased.testSuccessMessageReusable(java.lang.String)[pri:0, instance:Utilities.LoyalFriendCare.lylTest.ucuncu20.US059_TagBased@1190200a]" name="testSuccessMessageReusable" class="Utilities.LoyalFriendCare.lylTest.ucuncu20.US059_TagBased"/>
      </group> <!-- @SuccesMessageReusable -->
      <group name="@IfarmeBasic">
        <method signature="US059_TagBased.testIframeBasic(java.lang.String)[pri:0, instance:Utilities.LoyalFriendCare.lylTest.ucuncu20.US059_TagBased@75db5df9]" name="testIframeBasic" class="Utilities.LoyalFriendCare.lylTest.ucuncu20.US059_TagBased"/>
      </group> <!-- @IfarmeBasic -->
      <group name="@SuccesMessage">
        <method signature="US059_TagBased.testSuccessMessage(java.lang.String)[pri:0, instance:Utilities.LoyalFriendCare.lylTest.ucuncu20.US059_TagBased@399c4be1]" name="testSuccessMessage" class="Utilities.LoyalFriendCare.lylTest.ucuncu20.US059_TagBased"/>
      </group> <!-- @SuccesMessage -->
      <group name="@BrowserWindows">
        <method signature="US059_TagBased.testBrowserWindows(java.lang.String)[pri:0, instance:Utilities.LoyalFriendCare.lylTest.ucuncu20.US059_TagBased@31190526]" name="testBrowserWindows" class="Utilities.LoyalFriendCare.lylTest.ucuncu20.US059_TagBased"/>
      </group> <!-- @BrowserWindows -->
    </groups>
    <test started-at="2026-01-09T06:47:16 TRT" name="Test for @IfarmeBasic" finished-at="2026-01-09T06:47:16 TRT" duration-ms="207">
      <class name="Utilities.LoyalFriendCare.lylTest.ucuncu20.US059_TagBased">
        <test-method signature="testIframeBasic(java.lang.String)[pri:0, instance:Utilities.LoyalFriendCare.lylTest.ucuncu20.US059_TagBased@75db5df9]" started-at="2026-01-09T06:47:16 TRT" name="testIframeBasic" finished-at="2026-01-09T06:47:16 TRT" duration-ms="0" status="FAIL">
          <exception class="org.testng.TestNGException">
            <message>
              <![CDATA[
Parameter 'tag' is required by @Test on method testIframeBasic but has not been marked @Optional or defined
]]>
            </message>
            <full-stacktrace>
              <![CDATA[org.testng.TestNGException: 
Parameter 'tag' is required by @Test on method testIframeBasic but has not been marked @Optional or defined

at org.testng.internal.Parameters.createParams(Parameters.java:264)
at org.testng.internal.Parameters.createParametersForMethod(Parameters.java:352)
at org.testng.internal.Parameters.createParameters(Parameters.java:690)
at org.testng.internal.Parameters.handleParameters(Parameters.java:885)
at org.testng.internal.Parameters.handleParameters(Parameters.java:734)
at org.testng.internal.invokers.ParameterHandler.handleParameters(ParameterHandler.java:72)
at org.testng.internal.invokers.ParameterHandler.createParameters(ParameterHandler.java:51)
at org.testng.internal.invokers.TestInvoker$MethodInvocationAgent.invoke(TestInvoker.java:946)
at org.testng.internal.invokers.TestInvoker.invokeTestMethods(TestInvoker.java:203)
at org.testng.internal.invokers.TestMethodWorker.invokeTestMethods(TestMethodWorker.java:154)
at org.testng.internal.invokers.TestMethodWorker.run(TestMethodWorker.java:134)
at java.base/java.util.ArrayList.forEach(ArrayList.java:1597)
at org.testng.TestRunner.privateRun(TestRunner.java:739)
at org.testng.TestRunner.run(TestRunner.java:614)
at org.testng.SuiteRunner.runTest(SuiteRunner.java:421)
at org.testng.SuiteRunner$SuiteWorker.run(SuiteRunner.java:463)
at org.testng.internal.thread.ThreadUtil.lambda$execute$0(ThreadUtil.java:64)
at java.base/java.util.concurrent.FutureTask.run(FutureTask.java:317)
at java.base/java.util.concurrent.ThreadPoolExecutor.runWorker(ThreadPoolExecutor.java:1144)
at java.base/java.util.concurrent.ThreadPoolExecutor$Worker.run(ThreadPoolExecutor.java:642)
at java.base/java.lang.Thread.run(Thread.java:1570)
]]>
            </full-stacktrace>
          </exception> <!-- org.testng.TestNGException -->
          <reporter-output>
          </reporter-output>
        </test-method> <!-- testIframeBasic -->
      </class> <!-- Utilities.LoyalFriendCare.lylTest.ucuncu20.US059_TagBased -->
    </test> <!-- Test for @IfarmeBasic -->
    <test started-at="2026-01-09T06:47:16 TRT" name="Test for @SuccesMessageReusable" finished-at="2026-01-09T06:47:16 TRT" duration-ms="207">
      <class name="Utilities.LoyalFriendCare.lylTest.ucuncu20.US059_TagBased">
        <test-method signature="testSuccessMessageReusable(java.lang.String)[pri:0, instance:Utilities.LoyalFriendCare.lylTest.ucuncu20.US059_TagBased@1190200a]" started-at="2026-01-09T06:47:16 TRT" name="testSuccessMessageReusable" finished-at="2026-01-09T06:47:16 TRT" duration-ms="0" status="FAIL">
          <exception class="org.testng.TestNGException">
            <message>
              <![CDATA[
Parameter 'tag' is required by @Test on method testSuccessMessageReusable but has not been marked @Optional or defined
]]>
            </message>
            <full-stacktrace>
              <![CDATA[org.testng.TestNGException: 
Parameter 'tag' is required by @Test on method testSuccessMessageReusable but has not been marked @Optional or defined

at org.testng.internal.Parameters.createParams(Parameters.java:264)
at org.testng.internal.Parameters.createParametersForMethod(Parameters.java:352)
at org.testng.internal.Parameters.createParameters(Parameters.java:690)
at org.testng.internal.Parameters.handleParameters(Parameters.java:885)
at org.testng.internal.Parameters.handleParameters(Parameters.java:734)
at org.testng.internal.invokers.ParameterHandler.handleParameters(ParameterHandler.java:72)
at org.testng.internal.invokers.ParameterHandler.createParameters(ParameterHandler.java:51)
at org.testng.internal.invokers.TestInvoker$MethodInvocationAgent.invoke(TestInvoker.java:946)
at org.testng.internal.invokers.TestInvoker.invokeTestMethods(TestInvoker.java:203)
at org.testng.internal.invokers.TestMethodWorker.invokeTestMethods(TestMethodWorker.java:154)
at org.testng.internal.invokers.TestMethodWorker.run(TestMethodWorker.java:134)
at java.base/java.util.ArrayList.forEach(ArrayList.java:1597)
at org.testng.TestRunner.privateRun(TestRunner.java:739)
at org.testng.TestRunner.run(TestRunner.java:614)
at org.testng.SuiteRunner.runTest(SuiteRunner.java:421)
at org.testng.SuiteRunner$SuiteWorker.run(SuiteRunner.java:463)
at org.testng.internal.thread.ThreadUtil.lambda$execute$0(ThreadUtil.java:64)
at java.base/java.util.concurrent.FutureTask.run(FutureTask.java:317)
at java.base/java.util.concurrent.ThreadPoolExecutor.runWorker(ThreadPoolExecutor.java:1144)
at java.base/java.util.concurrent.ThreadPoolExecutor$Worker.run(ThreadPoolExecutor.java:642)
at java.base/java.lang.Thread.run(Thread.java:1570)
]]>
            </full-stacktrace>
          </exception> <!-- org.testng.TestNGException -->
          <reporter-output>
          </reporter-output>
        </test-method> <!-- testSuccessMessageReusable -->
      </class> <!-- Utilities.LoyalFriendCare.lylTest.ucuncu20.US059_TagBased -->
    </test> <!-- Test for @SuccesMessageReusable -->
    <test started-at="2026-01-09T06:47:16 TRT" name="Test for @BrowserWindows and not @WIP" finished-at="2026-01-09T06:47:16 TRT" duration-ms="207">
      <class name="Utilities.LoyalFriendCare.lylTest.ucuncu20.US059_TagBased">
        <test-method signature="testBrowserWindows(java.lang.String)[pri:0, instance:Utilities.LoyalFriendCare.lylTest.ucuncu20.US059_TagBased@31190526]" started-at="2026-01-09T06:47:16 TRT" name="testBrowserWindows" finished-at="2026-01-09T06:47:16 TRT" duration-ms="0" status="FAIL">
          <exception class="org.testng.TestNGException">
            <message>
              <![CDATA[
Parameter 'tag' is required by @Test on method testBrowserWindows but has not been marked @Optional or defined
]]>
            </message>
            <full-stacktrace>
              <![CDATA[org.testng.TestNGException: 
Parameter 'tag' is required by @Test on method testBrowserWindows but has not been marked @Optional or defined

at org.testng.internal.Parameters.createParams(Parameters.java:264)
at org.testng.internal.Parameters.createParametersForMethod(Parameters.java:352)
at org.testng.internal.Parameters.createParameters(Parameters.java:690)
at org.testng.internal.Parameters.handleParameters(Parameters.java:885)
at org.testng.internal.Parameters.handleParameters(Parameters.java:734)
at org.testng.internal.invokers.ParameterHandler.handleParameters(ParameterHandler.java:72)
at org.testng.internal.invokers.ParameterHandler.createParameters(ParameterHandler.java:51)
at org.testng.internal.invokers.TestInvoker$MethodInvocationAgent.invoke(TestInvoker.java:946)
at org.testng.internal.invokers.TestInvoker.invokeTestMethods(TestInvoker.java:203)
at org.testng.internal.invokers.TestMethodWorker.invokeTestMethods(TestMethodWorker.java:154)
at org.testng.internal.invokers.TestMethodWorker.run(TestMethodWorker.java:134)
at java.base/java.util.ArrayList.forEach(ArrayList.java:1597)
at org.testng.TestRunner.privateRun(TestRunner.java:739)
at org.testng.TestRunner.run(TestRunner.java:614)
at org.testng.SuiteRunner.runTest(SuiteRunner.java:421)
at org.testng.SuiteRunner$SuiteWorker.run(SuiteRunner.java:463)
at org.testng.internal.thread.ThreadUtil.lambda$execute$0(ThreadUtil.java:64)
at java.base/java.util.concurrent.FutureTask.run(FutureTask.java:317)
at java.base/java.util.concurrent.ThreadPoolExecutor.runWorker(ThreadPoolExecutor.java:1144)
at java.base/java.util.concurrent.ThreadPoolExecutor$Worker.run(ThreadPoolExecutor.java:642)
at java.base/java.lang.Thread.run(Thread.java:1570)
]]>
            </full-stacktrace>
          </exception> <!-- org.testng.TestNGException -->
          <reporter-output>
          </reporter-output>
        </test-method> <!-- testBrowserWindows -->
      </class> <!-- Utilities.LoyalFriendCare.lylTest.ucuncu20.US059_TagBased -->
    </test> <!-- Test for @BrowserWindows and not @WIP -->
    <test started-at="2026-01-09T06:47:16 TRT" name="Test for @SuccesMessage" finished-at="2026-01-09T06:47:16 TRT" duration-ms="207">
      <class name="Utilities.LoyalFriendCare.lylTest.ucuncu20.US059_TagBased">
        <test-method signature="testSuccessMessage(java.lang.String)[pri:0, instance:Utilities.LoyalFriendCare.lylTest.ucuncu20.US059_TagBased@399c4be1]" started-at="2026-01-09T06:47:16 TRT" name="testSuccessMessage" finished-at="2026-01-09T06:47:16 TRT" duration-ms="0" status="FAIL">
          <exception class="org.testng.TestNGException">
            <message>
              <![CDATA[
Parameter 'tag' is required by @Test on method testSuccessMessage but has not been marked @Optional or defined
]]>
            </message>
            <full-stacktrace>
              <![CDATA[org.testng.TestNGException: 
Parameter 'tag' is required by @Test on method testSuccessMessage but has not been marked @Optional or defined

at org.testng.internal.Parameters.createParams(Parameters.java:264)
at org.testng.internal.Parameters.createParametersForMethod(Parameters.java:352)
at org.testng.internal.Parameters.createParameters(Parameters.java:690)
at org.testng.internal.Parameters.handleParameters(Parameters.java:885)
at org.testng.internal.Parameters.handleParameters(Parameters.java:734)
at org.testng.internal.invokers.ParameterHandler.handleParameters(ParameterHandler.java:72)
at org.testng.internal.invokers.ParameterHandler.createParameters(ParameterHandler.java:51)
at org.testng.internal.invokers.TestInvoker$MethodInvocationAgent.invoke(TestInvoker.java:946)
at org.testng.internal.invokers.TestInvoker.invokeTestMethods(TestInvoker.java:203)
at org.testng.internal.invokers.TestMethodWorker.invokeTestMethods(TestMethodWorker.java:154)
at org.testng.internal.invokers.TestMethodWorker.run(TestMethodWorker.java:134)
at java.base/java.util.ArrayList.forEach(ArrayList.java:1597)
at org.testng.TestRunner.privateRun(TestRunner.java:739)
at org.testng.TestRunner.run(TestRunner.java:614)
at org.testng.SuiteRunner.runTest(SuiteRunner.java:421)
at org.testng.SuiteRunner$SuiteWorker.run(SuiteRunner.java:463)
at org.testng.internal.thread.ThreadUtil.lambda$execute$0(ThreadUtil.java:64)
at java.base/java.util.concurrent.FutureTask.run(FutureTask.java:317)
at java.base/java.util.concurrent.ThreadPoolExecutor.runWorker(ThreadPoolExecutor.java:1144)
at java.base/java.util.concurrent.ThreadPoolExecutor$Worker.run(ThreadPoolExecutor.java:642)
at java.base/java.lang.Thread.run(Thread.java:1570)
]]>
            </full-stacktrace>
          </exception> <!-- org.testng.TestNGException -->
          <reporter-output>
          </reporter-output>
        </test-method> <!-- testSuccessMessage -->
      </class> <!-- Utilities.LoyalFriendCare.lylTest.ucuncu20.US059_TagBased -->
    </test> <!-- Test for @SuccesMessage -->
  </suite> <!-- Dynamic Tag Suite -->
</testng-results>
